[debug] [2024-07-22T13:59:17.790Z] ----------------------------------------------------------------------
[debug] [2024-07-22T13:59:17.796Z] Command:       C:\Program Files\nodejs\node.exe C:\Users\ZORO\AppData\Roaming\npm\node_modules\firebase-tools\lib\bin\firebase.js emulators:start --only functions
[debug] [2024-07-22T13:59:17.796Z] CLI Version:   13.13.0
[debug] [2024-07-22T13:59:17.797Z] Platform:      win32
[debug] [2024-07-22T13:59:17.797Z] Node Version:  v18.12.1
[debug] [2024-07-22T13:59:17.798Z] Time:          Mon Jul 22 2024 14:59:17 GMT+0100 (UTC+01:00)
[debug] [2024-07-22T13:59:17.798Z] ----------------------------------------------------------------------
[debug] 
[debug] [2024-07-22T13:59:18.006Z] > command requires scopes: ["email","openid","https://www.googleapis.com/auth/cloudplatformprojects.readonly","https://www.googleapis.com/auth/firebase","https://www.googleapis.com/auth/cloud-platform"]
[debug] [2024-07-22T13:59:18.009Z] > authorizing via signed-in user (bennani.elhabib.c100@gmail.com)
[info] i  emulators: Starting emulators: functions {"metadata":{"emulator":{"name":"hub"},"message":"Starting emulators: functions"}}
[debug] [2024-07-22T13:59:18.025Z] [logging] Logging Emulator only supports listening on one address (127.0.0.1). Not listening on ::1
[debug] [2024-07-22T13:59:18.026Z] assigned listening specs for emulators {"user":{"hub":[{"address":"127.0.0.1","family":"IPv4","port":4400},{"address":"::1","family":"IPv6","port":4400}],"ui":[{"address":"127.0.0.1","family":"IPv4","port":4000},{"address":"::1","family":"IPv6","port":4000}],"logging":[{"address":"127.0.0.1","family":"IPv4","port":4500}]},"metadata":{"message":"assigned listening specs for emulators"}}
[debug] [2024-07-22T13:59:18.033Z] [hub] writing locator at C:\Users\ZORO\AppData\Local\Temp\hub-e-clone-7b57f.json
[debug] [2024-07-22T13:59:18.065Z] [functions] Functions Emulator only supports listening on one address (127.0.0.1). Not listening on ::1
[debug] [2024-07-22T13:59:18.066Z] [eventarc] Eventarc Emulator only supports listening on one address (127.0.0.1). Not listening on ::1
[debug] [2024-07-22T13:59:18.066Z] late-assigned ports for functions and eventarc emulators {"user":{"hub":[{"address":"127.0.0.1","family":"IPv4","port":4400},{"address":"::1","family":"IPv6","port":4400}],"ui":[{"address":"127.0.0.1","family":"IPv4","port":4000},{"address":"::1","family":"IPv6","port":4000}],"logging":[{"address":"127.0.0.1","family":"IPv4","port":4500}],"functions":[{"address":"127.0.0.1","family":"IPv4","port":5001}],"eventarc":[{"address":"127.0.0.1","family":"IPv4","port":9299}]},"metadata":{"message":"late-assigned ports for functions and eventarc emulators"}}
[warn] !  functions: The following emulators are not running, calls to these services from the Functions emulator will affect production: auth, firestore, database, hosting, pubsub, storage, dataconnect {"metadata":{"emulator":{"name":"functions"},"message":"The following emulators are not running, calls to these services from the Functions emulator will affect production: \u001b[1mauth, firestore, database, hosting, pubsub, storage, dataconnect\u001b[22m"}}
[debug] [2024-07-22T13:59:18.071Z] defaultcredentials: writing to file C:\Users\ZORO\AppData\Roaming\firebase\bennani_elhabib.c100_gmail.com_application_default_credentials.json
[debug] [2024-07-22T13:59:18.080Z] Setting GAC to C:\Users\ZORO\AppData\Roaming\firebase\bennani_elhabib.c100_gmail.com_application_default_credentials.json {"metadata":{"emulator":{"name":"functions"},"message":"Setting GAC to C:\\Users\\ZORO\\AppData\\Roaming\\firebase\\bennani_elhabib.c100_gmail.com_application_default_credentials.json"}}
[debug] [2024-07-22T13:59:18.084Z] >>> [apiv2][query] GET https://firebase.googleapis.com/v1beta1/projects/e-clone-7b57f/adminSdkConfig [none]
[debug] [2024-07-22T13:59:18.533Z] <<< [apiv2][status] GET https://firebase.googleapis.com/v1beta1/projects/e-clone-7b57f/adminSdkConfig 200
[debug] [2024-07-22T13:59:18.534Z] <<< [apiv2][body] GET https://firebase.googleapis.com/v1beta1/projects/e-clone-7b57f/adminSdkConfig {"projectId":"e-clone-7b57f","storageBucket":"e-clone-7b57f.appspot.com"}
[debug] [2024-07-22T13:59:18.567Z] Ignoring unsupported arg: auto_download {"metadata":{"emulator":{"name":"ui"},"message":"Ignoring unsupported arg: auto_download"}}
[debug] [2024-07-22T13:59:18.567Z] Ignoring unsupported arg: port {"metadata":{"emulator":{"name":"ui"},"message":"Ignoring unsupported arg: port"}}
[debug] [2024-07-22T13:59:18.567Z] Starting Emulator UI with command {"binary":"node","args":["C:\\Users\\ZORO\\.cache\\firebase\\emulators\\ui-v1.12.1\\server\\server.mjs"],"optionalArgs":[],"joinArgs":false,"shell":false} {"metadata":{"emulator":{"name":"ui"},"message":"Starting Emulator UI with command {\"binary\":\"node\",\"args\":[\"C:\\\\Users\\\\ZORO\\\\.cache\\\\firebase\\\\emulators\\\\ui-v1.12.1\\\\server\\\\server.mjs\"],\"optionalArgs\":[],\"joinArgs\":false,\"shell\":false}"}}
[info] i  ui: Emulator UI logging to ui-debug.log {"metadata":{"emulator":{"name":"ui"},"message":"Emulator UI logging to \u001b[1mui-debug.log\u001b[22m"}}
[debug] [2024-07-22T13:59:18.912Z] Web / API server started at 127.0.0.1:4000
 {"metadata":{"emulator":{"name":"ui"},"message":"Web / API server started at 127.0.0.1:4000\n"}}
[debug] [2024-07-22T13:59:18.913Z] Web / API server started at ::1:4000
 {"metadata":{"emulator":{"name":"ui"},"message":"Web / API server started at ::1:4000\n"}}
[info] i  functions: Watching "D:\Programming languages\React Js\Hoooks\Build_a_Full_Stack_Amazon_Clone_With_React_JS_FirebaseStripe\AmazoneShopping\amazone\functions" for Cloud Functions... {"metadata":{"emulator":{"name":"functions"},"message":"Watching \"D:\\Programming languages\\React Js\\Hoooks\\Build_a_Full_Stack_Amazon_Clone_With_React_JS_FirebaseStripe\\AmazoneShopping\\amazone\\functions\" for Cloud Functions..."}}
[debug] [2024-07-22T13:59:19.001Z] Validating nodejs source
[debug] [2024-07-22T13:59:20.847Z] > [functions] package.json contents: {
  "name": "functions",
  "description": "Cloud Functions for Firebase",
  "scripts": {
    "lint": "eslint .",
    "serve": "firebase emulators:start --only functions",
    "shell": "firebase functions:shell",
    "start": "npm run shell",
    "deploy": "firebase deploy --only functions",
    "logs": "firebase functions:log"
  },
  "engines": {
    "node": "18"
  },
  "main": "index.js",
  "dependencies": {
    "cors": "^2.8.5",
    "express": "^4.19.2",
    "firebase-admin": "^12.1.0",
    "firebase-functions": "^5.0.0",
    "stripe": "^16.2.0"
  },
  "devDependencies": {
    "eslint": "^8.15.0",
    "eslint-config-google": "^0.14.0",
    "firebase-functions-test": "^3.1.0"
  },
  "private": true
}
[debug] [2024-07-22T13:59:20.848Z] Building nodejs source
[debug] [2024-07-22T13:59:20.848Z] Failed to find version of module node: reached end of search path D:\Programming languages\React Js\Hoooks\Build_a_Full_Stack_Amazon_Clone_With_React_JS_FirebaseStripe\AmazoneShopping\amazone\functions\node_modules
[info] +  functions: Using node@18 from host. 
[info] i  functions: Loaded environment variables from .env. 
[debug] [2024-07-22T13:59:20.853Z] Could not find functions.yaml. Must use http discovery
[debug] [2024-07-22T13:59:20.862Z] Found firebase-functions binary at 'D:\Programming languages\React Js\Hoooks\Build_a_Full_Stack_Amazon_Clone_With_React_JS_FirebaseStripe\AmazoneShopping\amazone\functions\node_modules\.bin\firebase-functions'
[info] Serving at port 8523

[debug] [2024-07-22T13:59:21.679Z] Got response from /__/functions.yaml {"endpoints":{"api":{"platform":"gcfv1","availableMemoryMb":null,"timeoutSeconds":null,"minInstances":null,"maxInstances":null,"ingressSettings":null,"serviceAccountEmail":null,"vpc":null,"httpsTrigger":{},"entryPoint":"api"}},"specVersion":"v1alpha1","requiredAPIs":[]}
[info] +  functions: Loaded functions definitions from source: api. {"metadata":{"emulator":{"name":"functions"},"message":"Loaded functions definitions from source: api."}}
[info] +  functions[us-central1-api]: http function initialized (http://127.0.0.1:5001/e-clone-7b57f/us-central1/api). {"metadata":{"emulator":{"name":"functions"},"message":"\u001b[1mhttp\u001b[22m function initialized (http://127.0.0.1:5001/e-clone-7b57f/us-central1/api)."}}
[info] 
┌─────────────────────────────────────────────────────────────┐
│ ✔  All emulators ready! It is now safe to connect your app. │
│ i  View Emulator UI at http://127.0.0.1:4000/               │
└─────────────────────────────────────────────────────────────┘

┌───────────┬────────────────┬─────────────────────────────────┐
│ Emulator  │ Host:Port      │ View in Emulator UI             │
├───────────┼────────────────┼─────────────────────────────────┤
│ Functions │ 127.0.0.1:5001 │ http://127.0.0.1:4000/functions │
└───────────┴────────────────┴─────────────────────────────────┘
  Emulator Hub running at 127.0.0.1:4400
  Other reserved ports: 4500

Issues? Report them at https://github.com/firebase/firebase-tools/issues and attach the *-debug.log files.
 
[debug] [2024-07-22T14:00:38.965Z] [work-queue] {"queuedWork":["/e-clone-7b57f/us-central1/api/payments/create-2024-07-22T14:00:38.964Z"],"queueLength":1,"runningWork":[],"workRunningCount":0}
[debug] [2024-07-22T14:00:38.966Z] [work-queue] {"queuedWork":[],"queueLength":0,"runningWork":["/e-clone-7b57f/us-central1/api/payments/create-2024-07-22T14:00:38.964Z"],"workRunningCount":1}
[debug] [2024-07-22T14:00:38.967Z] Accepted request POST /e-clone-7b57f/us-central1/api/payments/create?total=74695 --> us-central1-api
[debug] [2024-07-22T14:00:38.973Z] [functions] Runtime ready! Sending request! {"metadata":{"emulator":{"name":"functions"},"message":"[functions] Runtime ready! Sending request!"}}
[debug] [2024-07-22T14:00:38.975Z] [functions] Got req.url=/e-clone-7b57f/us-central1/api/payments/create?total=74695, mapping to path=/payments/create?total=74695 {"metadata":{"emulator":{"name":"functions"},"message":"[functions] Got req.url=/e-clone-7b57f/us-central1/api/payments/create?total=74695, mapping to path=/payments/create?total=74695"}}
[info] i  functions: Loaded environment variables from .env. 
[debug] [2024-07-22T14:00:38.993Z] [worker-pool] addWorker(us-central1-api) {"metadata":{"emulator":{"name":"functions"},"message":"[worker-pool] addWorker(us-central1-api)"}}
[debug] [2024-07-22T14:00:38.994Z] [worker-pool] Adding worker with key us-central1-api, total=1 {"metadata":{"emulator":{"name":"functions"},"message":"[worker-pool] Adding worker with key us-central1-api, total=1"}}
[debug] [2024-07-22T14:00:38.999Z] [work-queue] {"queuedWork":["/e-clone-7b57f/us-central1/api/payments/create-2024-07-22T14:00:38.999Z"],"queueLength":1,"runningWork":["/e-clone-7b57f/us-central1/api/payments/create-2024-07-22T14:00:38.964Z"],"workRunningCount":1}
[debug] [2024-07-22T14:00:39.000Z] [work-queue] {"queuedWork":[],"queueLength":0,"runningWork":["/e-clone-7b57f/us-central1/api/payments/create-2024-07-22T14:00:38.964Z","/e-clone-7b57f/us-central1/api/payments/create-2024-07-22T14:00:38.999Z"],"workRunningCount":2}
[debug] [2024-07-22T14:00:39.000Z] Accepted request POST /e-clone-7b57f/us-central1/api/payments/create?total=74695 --> us-central1-api
[debug] [2024-07-22T14:00:39.006Z] [functions] Runtime ready! Sending request! {"metadata":{"emulator":{"name":"functions"},"message":"[functions] Runtime ready! Sending request!"}}
[debug] [2024-07-22T14:00:39.006Z] [functions] Got req.url=/e-clone-7b57f/us-central1/api/payments/create?total=74695, mapping to path=/payments/create?total=74695 {"metadata":{"emulator":{"name":"functions"},"message":"[functions] Got req.url=/e-clone-7b57f/us-central1/api/payments/create?total=74695, mapping to path=/payments/create?total=74695"}}
[info] i  functions: Loaded environment variables from .env. 
[debug] [2024-07-22T14:00:39.015Z] [worker-pool] addWorker(us-central1-api) {"metadata":{"emulator":{"name":"functions"},"message":"[worker-pool] addWorker(us-central1-api)"}}
[debug] [2024-07-22T14:00:39.016Z] [worker-pool] Adding worker with key us-central1-api, total=2 {"metadata":{"emulator":{"name":"functions"},"message":"[worker-pool] Adding worker with key us-central1-api, total=2"}}
[debug] [2024-07-22T14:00:40.927Z] [runtime-status] [15004] Resolved module firebase-admin {"declared":true,"installed":true,"version":"12.2.0","resolution":"D:\\Programming languages\\React Js\\Hoooks\\Build_a_Full_Stack_Amazon_Clone_With_React_JS_FirebaseStripe\\AmazoneShopping\\amazone\\functions\\node_modules\\firebase-admin\\lib\\index.js"} {"metadata":{"emulator":{"name":"functions"},"function":{"name":"us-central1-api"},"extension":{},"message":"[runtime-status] [15004] Resolved module firebase-admin {\"declared\":true,\"installed\":true,\"version\":\"12.2.0\",\"resolution\":\"D:\\\\Programming languages\\\\React Js\\\\Hoooks\\\\Build_a_Full_Stack_Amazon_Clone_With_React_JS_FirebaseStripe\\\\AmazoneShopping\\\\amazone\\\\functions\\\\node_modules\\\\firebase-admin\\\\lib\\\\index.js\"}"}}
[debug] [2024-07-22T14:00:40.928Z] [runtime-status] [15004] Resolved module firebase-functions {"declared":true,"installed":true,"version":"5.0.1","resolution":"D:\\Programming languages\\React Js\\Hoooks\\Build_a_Full_Stack_Amazon_Clone_With_React_JS_FirebaseStripe\\AmazoneShopping\\amazone\\functions\\node_modules\\firebase-functions\\lib\\v1\\index.js"} {"metadata":{"emulator":{"name":"functions"},"function":{"name":"us-central1-api"},"extension":{},"message":"[runtime-status] [15004] Resolved module firebase-functions {\"declared\":true,\"installed\":true,\"version\":\"5.0.1\",\"resolution\":\"D:\\\\Programming languages\\\\React Js\\\\Hoooks\\\\Build_a_Full_Stack_Amazon_Clone_With_React_JS_FirebaseStripe\\\\AmazoneShopping\\\\amazone\\\\functions\\\\node_modules\\\\firebase-functions\\\\lib\\\\v1\\\\index.js\"}"}}
[debug] [2024-07-22T14:00:40.929Z] [runtime-status] [15004] Outgoing network have been stubbed. [{"name":"http","status":"mocked"},{"name":"http","status":"mocked"},{"name":"https","status":"mocked"},{"name":"https","status":"mocked"},{"name":"net","status":"mocked"}] {"metadata":{"emulator":{"name":"functions"},"function":{"name":"us-central1-api"},"extension":{},"message":"[runtime-status] [15004] Outgoing network have been stubbed. [{\"name\":\"http\",\"status\":\"mocked\"},{\"name\":\"http\",\"status\":\"mocked\"},{\"name\":\"https\",\"status\":\"mocked\"},{\"name\":\"https\",\"status\":\"mocked\"},{\"name\":\"net\",\"status\":\"mocked\"}]"}}
[debug] [2024-07-22T14:00:40.929Z] [runtime-status] [2980] Resolved module firebase-admin {"declared":true,"installed":true,"version":"12.2.0","resolution":"D:\\Programming languages\\React Js\\Hoooks\\Build_a_Full_Stack_Amazon_Clone_With_React_JS_FirebaseStripe\\AmazoneShopping\\amazone\\functions\\node_modules\\firebase-admin\\lib\\index.js"} {"metadata":{"emulator":{"name":"functions"},"function":{"name":"us-central1-api"},"extension":{},"message":"[runtime-status] [2980] Resolved module firebase-admin {\"declared\":true,\"installed\":true,\"version\":\"12.2.0\",\"resolution\":\"D:\\\\Programming languages\\\\React Js\\\\Hoooks\\\\Build_a_Full_Stack_Amazon_Clone_With_React_JS_FirebaseStripe\\\\AmazoneShopping\\\\amazone\\\\functions\\\\node_modules\\\\firebase-admin\\\\lib\\\\index.js\"}"}}
[debug] [2024-07-22T14:00:40.930Z] [runtime-status] [15004] Resolved module firebase-functions {"declared":true,"installed":true,"version":"5.0.1","resolution":"D:\\Programming languages\\React Js\\Hoooks\\Build_a_Full_Stack_Amazon_Clone_With_React_JS_FirebaseStripe\\AmazoneShopping\\amazone\\functions\\node_modules\\firebase-functions\\lib\\v1\\index.js"} {"metadata":{"emulator":{"name":"functions"},"function":{"name":"us-central1-api"},"extension":{},"message":"[runtime-status] [15004] Resolved module firebase-functions {\"declared\":true,\"installed\":true,\"version\":\"5.0.1\",\"resolution\":\"D:\\\\Programming languages\\\\React Js\\\\Hoooks\\\\Build_a_Full_Stack_Amazon_Clone_With_React_JS_FirebaseStripe\\\\AmazoneShopping\\\\amazone\\\\functions\\\\node_modules\\\\firebase-functions\\\\lib\\\\v1\\\\index.js\"}"}}
[debug] [2024-07-22T14:00:40.931Z] [runtime-status] [2980] Resolved module firebase-functions {"declared":true,"installed":true,"version":"5.0.1","resolution":"D:\\Programming languages\\React Js\\Hoooks\\Build_a_Full_Stack_Amazon_Clone_With_React_JS_FirebaseStripe\\AmazoneShopping\\amazone\\functions\\node_modules\\firebase-functions\\lib\\v1\\index.js"} {"metadata":{"emulator":{"name":"functions"},"function":{"name":"us-central1-api"},"extension":{},"message":"[runtime-status] [2980] Resolved module firebase-functions {\"declared\":true,\"installed\":true,\"version\":\"5.0.1\",\"resolution\":\"D:\\\\Programming languages\\\\React Js\\\\Hoooks\\\\Build_a_Full_Stack_Amazon_Clone_With_React_JS_FirebaseStripe\\\\AmazoneShopping\\\\amazone\\\\functions\\\\node_modules\\\\firebase-functions\\\\lib\\\\v1\\\\index.js\"}"}}
[debug] [2024-07-22T14:00:40.933Z] [runtime-status] [2980] Outgoing network have been stubbed. [{"name":"http","status":"mocked"},{"name":"http","status":"mocked"},{"name":"https","status":"mocked"},{"name":"https","status":"mocked"},{"name":"net","status":"mocked"}] {"metadata":{"emulator":{"name":"functions"},"function":{"name":"us-central1-api"},"extension":{},"message":"[runtime-status] [2980] Outgoing network have been stubbed. [{\"name\":\"http\",\"status\":\"mocked\"},{\"name\":\"http\",\"status\":\"mocked\"},{\"name\":\"https\",\"status\":\"mocked\"},{\"name\":\"https\",\"status\":\"mocked\"},{\"name\":\"net\",\"status\":\"mocked\"}]"}}
[debug] [2024-07-22T14:00:40.935Z] [runtime-status] [2980] Resolved module firebase-functions {"declared":true,"installed":true,"version":"5.0.1","resolution":"D:\\Programming languages\\React Js\\Hoooks\\Build_a_Full_Stack_Amazon_Clone_With_React_JS_FirebaseStripe\\AmazoneShopping\\amazone\\functions\\node_modules\\firebase-functions\\lib\\v1\\index.js"} {"metadata":{"emulator":{"name":"functions"},"function":{"name":"us-central1-api"},"extension":{},"message":"[runtime-status] [2980] Resolved module firebase-functions {\"declared\":true,\"installed\":true,\"version\":\"5.0.1\",\"resolution\":\"D:\\\\Programming languages\\\\React Js\\\\Hoooks\\\\Build_a_Full_Stack_Amazon_Clone_With_React_JS_FirebaseStripe\\\\AmazoneShopping\\\\amazone\\\\functions\\\\node_modules\\\\firebase-functions\\\\lib\\\\v1\\\\index.js\"}"}}
[debug] [2024-07-22T14:00:41.234Z] [runtime-status] [15004] Checked functions.config() {"config":{}} {"metadata":{"emulator":{"name":"functions"},"function":{"name":"us-central1-api"},"extension":{},"message":"[runtime-status] [15004] Checked functions.config() {\"config\":{}}"}}
[debug] [2024-07-22T14:00:41.235Z] [runtime-status] [15004] firebase-functions has been stubbed. {"functionsResolution":{"declared":true,"installed":true,"version":"5.0.1","resolution":"D:\\Programming languages\\React Js\\Hoooks\\Build_a_Full_Stack_Amazon_Clone_With_React_JS_FirebaseStripe\\AmazoneShopping\\amazone\\functions\\node_modules\\firebase-functions\\lib\\v1\\index.js"}} {"metadata":{"emulator":{"name":"functions"},"function":{"name":"us-central1-api"},"extension":{},"message":"[runtime-status] [15004] firebase-functions has been stubbed. {\"functionsResolution\":{\"declared\":true,\"installed\":true,\"version\":\"5.0.1\",\"resolution\":\"D:\\\\Programming languages\\\\React Js\\\\Hoooks\\\\Build_a_Full_Stack_Amazon_Clone_With_React_JS_FirebaseStripe\\\\AmazoneShopping\\\\amazone\\\\functions\\\\node_modules\\\\firebase-functions\\\\lib\\\\v1\\\\index.js\"}}"}}
[debug] [2024-07-22T14:00:41.236Z] [runtime-status] [15004] Resolved module firebase-functions {"declared":true,"installed":true,"version":"5.0.1","resolution":"D:\\Programming languages\\React Js\\Hoooks\\Build_a_Full_Stack_Amazon_Clone_With_React_JS_FirebaseStripe\\AmazoneShopping\\amazone\\functions\\node_modules\\firebase-functions\\lib\\v1\\index.js"} {"metadata":{"emulator":{"name":"functions"},"function":{"name":"us-central1-api"},"extension":{},"message":"[runtime-status] [15004] Resolved module firebase-functions {\"declared\":true,\"installed\":true,\"version\":\"5.0.1\",\"resolution\":\"D:\\\\Programming languages\\\\React Js\\\\Hoooks\\\\Build_a_Full_Stack_Amazon_Clone_With_React_JS_FirebaseStripe\\\\AmazoneShopping\\\\amazone\\\\functions\\\\node_modules\\\\firebase-functions\\\\lib\\\\v1\\\\index.js\"}"}}
[debug] [2024-07-22T14:00:41.239Z] [runtime-status] [15004] Resolved module firebase-admin {"declared":true,"installed":true,"version":"12.2.0","resolution":"D:\\Programming languages\\React Js\\Hoooks\\Build_a_Full_Stack_Amazon_Clone_With_React_JS_FirebaseStripe\\AmazoneShopping\\amazone\\functions\\node_modules\\firebase-admin\\lib\\index.js"} {"metadata":{"emulator":{"name":"functions"},"function":{"name":"us-central1-api"},"extension":{},"message":"[runtime-status] [15004] Resolved module firebase-admin {\"declared\":true,\"installed\":true,\"version\":\"12.2.0\",\"resolution\":\"D:\\\\Programming languages\\\\React Js\\\\Hoooks\\\\Build_a_Full_Stack_Amazon_Clone_With_React_JS_FirebaseStripe\\\\AmazoneShopping\\\\amazone\\\\functions\\\\node_modules\\\\firebase-admin\\\\lib\\\\index.js\"}"}}
[debug] [2024-07-22T14:00:41.240Z] [runtime-status] [2980] Checked functions.config() {"config":{}} {"metadata":{"emulator":{"name":"functions"},"function":{"name":"us-central1-api"},"extension":{},"message":"[runtime-status] [2980] Checked functions.config() {\"config\":{}}"}}
[debug] [2024-07-22T14:00:41.240Z] [runtime-status] [2980] firebase-functions has been stubbed. {"functionsResolution":{"declared":true,"installed":true,"version":"5.0.1","resolution":"D:\\Programming languages\\React Js\\Hoooks\\Build_a_Full_Stack_Amazon_Clone_With_React_JS_FirebaseStripe\\AmazoneShopping\\amazone\\functions\\node_modules\\firebase-functions\\lib\\v1\\index.js"}} {"metadata":{"emulator":{"name":"functions"},"function":{"name":"us-central1-api"},"extension":{},"message":"[runtime-status] [2980] firebase-functions has been stubbed. {\"functionsResolution\":{\"declared\":true,\"installed\":true,\"version\":\"5.0.1\",\"resolution\":\"D:\\\\Programming languages\\\\React Js\\\\Hoooks\\\\Build_a_Full_Stack_Amazon_Clone_With_React_JS_FirebaseStripe\\\\AmazoneShopping\\\\amazone\\\\functions\\\\node_modules\\\\firebase-functions\\\\lib\\\\v1\\\\index.js\"}}"}}
[debug] [2024-07-22T14:00:41.241Z] [runtime-status] [2980] Resolved module firebase-functions {"declared":true,"installed":true,"version":"5.0.1","resolution":"D:\\Programming languages\\React Js\\Hoooks\\Build_a_Full_Stack_Amazon_Clone_With_React_JS_FirebaseStripe\\AmazoneShopping\\amazone\\functions\\node_modules\\firebase-functions\\lib\\v1\\index.js"} {"metadata":{"emulator":{"name":"functions"},"function":{"name":"us-central1-api"},"extension":{},"message":"[runtime-status] [2980] Resolved module firebase-functions {\"declared\":true,\"installed\":true,\"version\":\"5.0.1\",\"resolution\":\"D:\\\\Programming languages\\\\React Js\\\\Hoooks\\\\Build_a_Full_Stack_Amazon_Clone_With_React_JS_FirebaseStripe\\\\AmazoneShopping\\\\amazone\\\\functions\\\\node_modules\\\\firebase-functions\\\\lib\\\\v1\\\\index.js\"}"}}
[debug] [2024-07-22T14:00:41.242Z] [runtime-status] [15004] Resolved module firebase-functions {"declared":true,"installed":true,"version":"5.0.1","resolution":"D:\\Programming languages\\React Js\\Hoooks\\Build_a_Full_Stack_Amazon_Clone_With_React_JS_FirebaseStripe\\AmazoneShopping\\amazone\\functions\\node_modules\\firebase-functions\\lib\\v1\\index.js"} {"metadata":{"emulator":{"name":"functions"},"function":{"name":"us-central1-api"},"extension":{},"message":"[runtime-status] [15004] Resolved module firebase-functions {\"declared\":true,\"installed\":true,\"version\":\"5.0.1\",\"resolution\":\"D:\\\\Programming languages\\\\React Js\\\\Hoooks\\\\Build_a_Full_Stack_Amazon_Clone_With_React_JS_FirebaseStripe\\\\AmazoneShopping\\\\amazone\\\\functions\\\\node_modules\\\\firebase-functions\\\\lib\\\\v1\\\\index.js\"}"}}
[debug] [2024-07-22T14:00:41.242Z] [runtime-status] [15004] firebase-admin has been stubbed. {"adminResolution":{"declared":true,"installed":true,"version":"12.2.0","resolution":"D:\\Programming languages\\React Js\\Hoooks\\Build_a_Full_Stack_Amazon_Clone_With_React_JS_FirebaseStripe\\AmazoneShopping\\amazone\\functions\\node_modules\\firebase-admin\\lib\\index.js"}} {"metadata":{"emulator":{"name":"functions"},"function":{"name":"us-central1-api"},"extension":{},"message":"[runtime-status] [15004] firebase-admin has been stubbed. {\"adminResolution\":{\"declared\":true,\"installed\":true,\"version\":\"12.2.0\",\"resolution\":\"D:\\\\Programming languages\\\\React Js\\\\Hoooks\\\\Build_a_Full_Stack_Amazon_Clone_With_React_JS_FirebaseStripe\\\\AmazoneShopping\\\\amazone\\\\functions\\\\node_modules\\\\firebase-admin\\\\lib\\\\index.js\"}}"}}
[debug] [2024-07-22T14:00:41.243Z] [runtime-status] [2980] Resolved module firebase-admin {"declared":true,"installed":true,"version":"12.2.0","resolution":"D:\\Programming languages\\React Js\\Hoooks\\Build_a_Full_Stack_Amazon_Clone_With_React_JS_FirebaseStripe\\AmazoneShopping\\amazone\\functions\\node_modules\\firebase-admin\\lib\\index.js"} {"metadata":{"emulator":{"name":"functions"},"function":{"name":"us-central1-api"},"extension":{},"message":"[runtime-status] [2980] Resolved module firebase-admin {\"declared\":true,\"installed\":true,\"version\":\"12.2.0\",\"resolution\":\"D:\\\\Programming languages\\\\React Js\\\\Hoooks\\\\Build_a_Full_Stack_Amazon_Clone_With_React_JS_FirebaseStripe\\\\AmazoneShopping\\\\amazone\\\\functions\\\\node_modules\\\\firebase-admin\\\\lib\\\\index.js\"}"}}
[debug] [2024-07-22T14:00:41.246Z] [runtime-status] [2980] Resolved module firebase-functions {"declared":true,"installed":true,"version":"5.0.1","resolution":"D:\\Programming languages\\React Js\\Hoooks\\Build_a_Full_Stack_Amazon_Clone_With_React_JS_FirebaseStripe\\AmazoneShopping\\amazone\\functions\\node_modules\\firebase-functions\\lib\\v1\\index.js"} {"metadata":{"emulator":{"name":"functions"},"function":{"name":"us-central1-api"},"extension":{},"message":"[runtime-status] [2980] Resolved module firebase-functions {\"declared\":true,\"installed\":true,\"version\":\"5.0.1\",\"resolution\":\"D:\\\\Programming languages\\\\React Js\\\\Hoooks\\\\Build_a_Full_Stack_Amazon_Clone_With_React_JS_FirebaseStripe\\\\AmazoneShopping\\\\amazone\\\\functions\\\\node_modules\\\\firebase-functions\\\\lib\\\\v1\\\\index.js\"}"}}
[debug] [2024-07-22T14:00:41.246Z] [runtime-status] [2980] firebase-admin has been stubbed. {"adminResolution":{"declared":true,"installed":true,"version":"12.2.0","resolution":"D:\\Programming languages\\React Js\\Hoooks\\Build_a_Full_Stack_Amazon_Clone_With_React_JS_FirebaseStripe\\AmazoneShopping\\amazone\\functions\\node_modules\\firebase-admin\\lib\\index.js"}} {"metadata":{"emulator":{"name":"functions"},"function":{"name":"us-central1-api"},"extension":{},"message":"[runtime-status] [2980] firebase-admin has been stubbed. {\"adminResolution\":{\"declared\":true,\"installed\":true,\"version\":\"12.2.0\",\"resolution\":\"D:\\\\Programming languages\\\\React Js\\\\Hoooks\\\\Build_a_Full_Stack_Amazon_Clone_With_React_JS_FirebaseStripe\\\\AmazoneShopping\\\\amazone\\\\functions\\\\node_modules\\\\firebase-admin\\\\lib\\\\index.js\"}}"}}
[debug] [2024-07-22T14:00:41.449Z] [runtime-status] [2980] Functions runtime initialized. {"cwd":"D:\\Programming languages\\React Js\\Hoooks\\Build_a_Full_Stack_Amazon_Clone_With_React_JS_FirebaseStripe\\AmazoneShopping\\amazone\\functions","node_version":"18.12.1"} {"metadata":{"emulator":{"name":"functions"},"function":{"name":"us-central1-api"},"extension":{},"message":"[runtime-status] [2980] Functions runtime initialized. {\"cwd\":\"D:\\\\Programming languages\\\\React Js\\\\Hoooks\\\\Build_a_Full_Stack_Amazon_Clone_With_React_JS_FirebaseStripe\\\\AmazoneShopping\\\\amazone\\\\functions\",\"node_version\":\"18.12.1\"}"}}
[debug] [2024-07-22T14:00:41.450Z] [runtime-status] [2980] Listening to port: \\?\pipe\fire_emu_336c09232bba32dd {"metadata":{"emulator":{"name":"functions"},"function":{"name":"us-central1-api"},"extension":{},"message":"[runtime-status] [2980] Listening to port: \\\\?\\pipe\\fire_emu_336c09232bba32dd"}}
[debug] [2024-07-22T14:00:41.450Z] [runtime-status] [15004] Functions runtime initialized. {"cwd":"D:\\Programming languages\\React Js\\Hoooks\\Build_a_Full_Stack_Amazon_Clone_With_React_JS_FirebaseStripe\\AmazoneShopping\\amazone\\functions","node_version":"18.12.1"} {"metadata":{"emulator":{"name":"functions"},"function":{"name":"us-central1-api"},"extension":{},"message":"[runtime-status] [15004] Functions runtime initialized. {\"cwd\":\"D:\\\\Programming languages\\\\React Js\\\\Hoooks\\\\Build_a_Full_Stack_Amazon_Clone_With_React_JS_FirebaseStripe\\\\AmazoneShopping\\\\amazone\\\\functions\",\"node_version\":\"18.12.1\"}"}}
[debug] [2024-07-22T14:00:41.450Z] [runtime-status] [15004] Listening to port: \\?\pipe\fire_emu_3ee68db33b272e10 {"metadata":{"emulator":{"name":"functions"},"function":{"name":"us-central1-api"},"extension":{},"message":"[runtime-status] [15004] Listening to port: \\\\?\\pipe\\fire_emu_3ee68db33b272e10"}}
[debug] [2024-07-22T14:00:41.461Z] [worker-us-central1-api-d774711b-fe18-4aad-96de-bb9a17e9fd4d]: IDLE {"metadata":{"emulator":{"name":"functions"},"function":{"name":"us-central1-api"},"extension":{},"message":"[worker-us-central1-api-d774711b-fe18-4aad-96de-bb9a17e9fd4d]: IDLE"}}
[debug] [2024-07-22T14:00:41.462Z] [worker-pool] submitRequest(triggerId=us-central1-api) {"metadata":{"emulator":{"name":"functions"},"message":"[worker-pool] submitRequest(triggerId=us-central1-api)"}}
[info] i  functions: Beginning execution of "us-central1-api" {"metadata":{"emulator":{"name":"functions"},"function":{"name":"us-central1-api"},"extension":{},"message":"Beginning execution of \"us-central1-api\""}}
[debug] [2024-07-22T14:00:41.477Z] [worker-us-central1-api-d774711b-fe18-4aad-96de-bb9a17e9fd4d]: BUSY {"metadata":{"emulator":{"name":"functions"},"function":{"name":"us-central1-api"},"extension":{},"message":"[worker-us-central1-api-d774711b-fe18-4aad-96de-bb9a17e9fd4d]: BUSY"}}
[debug] [2024-07-22T14:00:41.516Z] [worker-us-central1-api-cd36b13e-33fe-41cd-bcef-461e8232ad44]: IDLE {"metadata":{"emulator":{"name":"functions"},"function":{"name":"us-central1-api"},"extension":{},"message":"[worker-us-central1-api-cd36b13e-33fe-41cd-bcef-461e8232ad44]: IDLE"}}
[debug] [2024-07-22T14:00:41.516Z] [worker-pool] submitRequest(triggerId=us-central1-api) {"metadata":{"emulator":{"name":"functions"},"message":"[worker-pool] submitRequest(triggerId=us-central1-api)"}}
[info] i  functions: Beginning execution of "us-central1-api" {"metadata":{"emulator":{"name":"functions"},"function":{"name":"us-central1-api"},"extension":{},"message":"Beginning execution of \"us-central1-api\""}}
[debug] [2024-07-22T14:00:41.518Z] [worker-us-central1-api-cd36b13e-33fe-41cd-bcef-461e8232ad44]: BUSY {"metadata":{"emulator":{"name":"functions"},"function":{"name":"us-central1-api"},"extension":{},"message":"[worker-us-central1-api-cd36b13e-33fe-41cd-bcef-461e8232ad44]: BUSY"}}
[debug] [2024-07-22T14:00:42.060Z] Finishing up request with event=pause {"metadata":{"emulator":{"name":"functions"},"function":{"name":"us-central1-api"},"extension":{},"message":"Finishing up request with event=pause"}}
[info] i  functions: Finished "us-central1-api" in 583.7079ms {"metadata":{"emulator":{"name":"functions"},"function":{"name":"us-central1-api"},"extension":{},"message":"Finished \"us-central1-api\" in 583.7079ms"}}
[debug] [2024-07-22T14:00:42.061Z] [worker-us-central1-api-d774711b-fe18-4aad-96de-bb9a17e9fd4d]: IDLE {"metadata":{"emulator":{"name":"functions"},"function":{"name":"us-central1-api"},"extension":{},"message":"[worker-us-central1-api-d774711b-fe18-4aad-96de-bb9a17e9fd4d]: IDLE"}}
[debug] [2024-07-22T14:00:42.062Z] Finishing up request with event=finish {"metadata":{"emulator":{"name":"functions"},"function":{"name":"us-central1-api"},"extension":{},"message":"Finishing up request with event=finish"}}
[debug] [2024-07-22T14:00:42.062Z] Finishing up request with event=close {"metadata":{"emulator":{"name":"functions"},"function":{"name":"us-central1-api"},"extension":{},"message":"Finishing up request with event=close"}}
[debug] [2024-07-22T14:00:42.062Z] [work-queue] {"queuedWork":[],"queueLength":0,"runningWork":["/e-clone-7b57f/us-central1/api/payments/create-2024-07-22T14:00:38.964Z"],"workRunningCount":1}
[debug] [2024-07-22T14:00:42.064Z] Finishing up request with event=pause {"metadata":{"emulator":{"name":"functions"},"function":{"name":"us-central1-api"},"extension":{},"message":"Finishing up request with event=pause"}}
[info] i  functions: Finished "us-central1-api" in 546.5023ms {"metadata":{"emulator":{"name":"functions"},"function":{"name":"us-central1-api"},"extension":{},"message":"Finished \"us-central1-api\" in 546.5023ms"}}
[debug] [2024-07-22T14:00:42.065Z] [worker-us-central1-api-cd36b13e-33fe-41cd-bcef-461e8232ad44]: IDLE {"metadata":{"emulator":{"name":"functions"},"function":{"name":"us-central1-api"},"extension":{},"message":"[worker-us-central1-api-cd36b13e-33fe-41cd-bcef-461e8232ad44]: IDLE"}}
[debug] [2024-07-22T14:00:42.065Z] Finishing up request with event=finish {"metadata":{"emulator":{"name":"functions"},"function":{"name":"us-central1-api"},"extension":{},"message":"Finishing up request with event=finish"}}
[debug] [2024-07-22T14:00:42.065Z] Finishing up request with event=close {"metadata":{"emulator":{"name":"functions"},"function":{"name":"us-central1-api"},"extension":{},"message":"Finishing up request with event=close"}}
[debug] [2024-07-22T14:00:42.065Z] [work-queue] {"queuedWork":[],"queueLength":0,"runningWork":[],"workRunningCount":0}
